This file contains any messages produced by compilers while
running configure, to aid debugging if configure makes a mistake.

It was created by jwm configure 2.4.0, which was
generated by GNU Autoconf 2.72.  Invocation command line was

  $ ./configure --disable-cairo --disable-rsvg --disable-jpeg --disable-fribidi --disable-shape --disable-xinerama --disable-nls

## --------- ##
## Platform. ##
## --------- ##

hostname = localhost
uname -m = x86_64
uname -r = 6.6.59-0-virt
uname -s = Linux
uname -v = #1-Alpine SMP PREEMPT_DYNAMIC 2024-11-01 11:02:13

/usr/bin/uname -p = unknown
/bin/uname -X     = unknown

/bin/arch              = x86_64
/usr/bin/arch -k       = unknown
/usr/convex/getsysinfo = unknown
/usr/bin/hostinfo      = unknown
/bin/machine           = unknown
/usr/bin/oslevel       = unknown
/bin/universe          = unknown

PATH: /usr/local/sbin/
PATH: /usr/local/bin/
PATH: /usr/sbin/
PATH: /usr/bin/
PATH: /sbin/
PATH: /bin/


## ----------- ##
## Core tests. ##
## ----------- ##

configure:2547: looking for aux files: config.rpath config.guess config.sub install-sh
configure:2560:  trying ./
configure:2589:   ./config.rpath found
configure:2589:   ./config.guess found
configure:2589:   ./config.sub found
configure:2571:   ./install-sh found
configure:2776: checking for gcc
configure:2797: found /usr/bin/gcc
configure:2809: result: gcc
configure:3168: checking for C compiler version
configure:3177: gcc --version >&5
gcc (Alpine 14.2.0) 14.2.0
Copyright (C) 2024 Free Software Foundation, Inc.
This is free software; see the source for copying conditions.  There is NO
warranty; not even for MERCHANTABILITY or FITNESS FOR A PARTICULAR PURPOSE.

configure:3188: $? = 0
configure:3177: gcc -v >&5
Using built-in specs.
COLLECT_GCC=gcc
COLLECT_LTO_WRAPPER=/usr/libexec/gcc/x86_64-alpine-linux-musl/14.2.0/lto-wrapper
Target: x86_64-alpine-linux-musl
Configured with: /home/buildozer/aports/main/gcc/src/gcc-14.2.0/configure --prefix=/usr --mandir=/usr/share/man --infodir=/usr/share/info --build=x86_64-alpine-linux-musl --host=x86_64-alpine-linux-musl --target=x86_64-alpine-linux-musl --enable-checking=release --disable-cet --disable-fixed-point --disable-libstdcxx-pch --disable-multilib --disable-nls --disable-werror --disable-symvers --enable-__cxa_atexit --enable-default-pie --enable-default-ssp --enable-languages=c,c++,d,objc,go,fortran,ada --enable-link-serialization=2 --enable-linker-build-id --disable-libssp --disable-libsanitizer --enable-shared --enable-threads --enable-tls --with-bugurl=https://gitlab.alpinelinux.org/alpine/aports/-/issues --with-system-zlib --with-linker-hash-style=gnu --with-pkgversion='Alpine 14.2.0'
Thread model: posix
Supported LTO compression algorithms: zlib
gcc version 14.2.0 (Alpine 14.2.0) 
configure:3188: $? = 0
configure:3177: gcc -V >&5
gcc: error: unrecognized command-line option '-V'
gcc: fatal error: no input files
compilation terminated.
configure:3188: $? = 1
configure:3177: gcc -qversion >&5
gcc: error: unrecognized command-line option '-qversion'; did you mean '--version'?
gcc: fatal error: no input files
compilation terminated.
configure:3188: $? = 1
configure:3177: gcc -version >&5
gcc: error: unrecognized command-line option '-version'
gcc: fatal error: no input files
compilation terminated.
configure:3188: $? = 1
configure:3208: checking whether the C compiler works
configure:3230: gcc    conftest.c  >&5
configure:3234: $? = 0
configure:3285: result: yes
configure:3289: checking for C compiler default output file name
configure:3291: result: a.out
configure:3297: checking for suffix of executables
configure:3304: gcc -o conftest    conftest.c  >&5
configure:3308: $? = 0
configure:3332: result: 
configure:3356: checking whether we are cross compiling
configure:3364: gcc -o conftest    conftest.c  >&5
configure:3368: $? = 0
configure:3375: ./conftest
configure:3379: $? = 0
configure:3394: result: no
configure:3400: checking for suffix of object files
configure:3423: gcc -c   conftest.c >&5
configure:3427: $? = 0
configure:3451: result: o
configure:3455: checking whether the compiler supports GNU C
configure:3475: gcc -c   conftest.c >&5
configure:3475: $? = 0
configure:3487: result: yes
configure:3498: checking whether gcc accepts -g
configure:3519: gcc -c -g  conftest.c >&5
configure:3519: $? = 0
configure:3566: result: yes
configure:3586: checking for gcc option to enable C11 features
configure:3601: gcc  -c -g -O2  conftest.c >&5
configure:3601: $? = 0
configure:3620: result: none needed
configure:3743: checking how to run the C preprocessor
configure:3769: gcc -E  conftest.c
configure:3769: $? = 0
configure:3785: gcc -E  conftest.c
conftest.c:9:10: fatal error: ac_nonexistent.h: No such file or directory
    9 | #include <ac_nonexistent.h>
      |          ^~~~~~~~~~~~~~~~~~
compilation terminated.
configure:3785: $? = 1
configure: failed program was:
| /* confdefs.h */
| #define PACKAGE_NAME "jwm"
| #define PACKAGE_TARNAME "jwm"
| #define PACKAGE_VERSION "2.4.0"
| #define PACKAGE_STRING "jwm 2.4.0"
| #define PACKAGE_BUGREPORT "joewing@joewing.net"
| #define PACKAGE_URL ""
| /* end confdefs.h.  */
| #include <ac_nonexistent.h>
configure:3814: result: gcc -E
configure:3828: gcc -E  conftest.c
configure:3828: $? = 0
configure:3844: gcc -E  conftest.c
conftest.c:9:10: fatal error: ac_nonexistent.h: No such file or directory
    9 | #include <ac_nonexistent.h>
      |          ^~~~~~~~~~~~~~~~~~
compilation terminated.
configure:3844: $? = 1
configure: failed program was:
| /* confdefs.h */
| #define PACKAGE_NAME "jwm"
| #define PACKAGE_TARNAME "jwm"
| #define PACKAGE_VERSION "2.4.0"
| #define PACKAGE_STRING "jwm 2.4.0"
| #define PACKAGE_BUGREPORT "joewing@joewing.net"
| #define PACKAGE_URL ""
| /* end confdefs.h.  */
| #include <ac_nonexistent.h>
configure:3892: checking for a BSD-compatible install
configure:3966: result: /usr/bin/install -c
configure:3978: checking for a race-free mkdir -p
configure:4021: result: /bin/mkdir -p
configure:4030: checking if _XOPEN_SOURCE should be defined
configure:4047: gcc -c -g -O2  conftest.c >&5
configure:4047: $? = 0
configure:4055: result: yes
configure:4080: checking for X
configure:4118: gcc -o conftest -g -O2   conftest.c -lX11  >&5
configure:4118: $? = 0
configure:4308: result: libraries , headers 
configure:4324: checking for XOpenDisplay in -lX11
configure:4353: gcc -o conftest -g -O2   conftest.c -lX11   >&5
configure:4353: $? = 0
configure:4365: result: yes
configure:4376: checking for Xutf8TextPropertyToTextList in -lX11
configure:4405: gcc -o conftest -g -O2   -lX11 conftest.c -lX11   >&5
configure:4405: $? = 0
configure:4417: result: yes
configure:4438: checking for stdio.h
configure:4438: gcc -c -g -O2  conftest.c >&5
configure:4438: $? = 0
configure:4438: result: yes
configure:4438: checking for stdlib.h
configure:4438: gcc -c -g -O2  conftest.c >&5
configure:4438: $? = 0
configure:4438: result: yes
configure:4438: checking for string.h
configure:4438: gcc -c -g -O2  conftest.c >&5
configure:4438: $? = 0
configure:4438: result: yes
configure:4438: checking for inttypes.h
configure:4438: gcc -c -g -O2  conftest.c >&5
configure:4438: $? = 0
configure:4438: result: yes
configure:4438: checking for stdint.h
configure:4438: gcc -c -g -O2  conftest.c >&5
configure:4438: $? = 0
configure:4438: result: yes
configure:4438: checking for strings.h
configure:4438: gcc -c -g -O2  conftest.c >&5
configure:4438: $? = 0
configure:4438: result: yes
configure:4438: checking for sys/stat.h
configure:4438: gcc -c -g -O2  conftest.c >&5
configure:4438: $? = 0
configure:4438: result: yes
configure:4438: checking for sys/types.h
configure:4438: gcc -c -g -O2  conftest.c >&5
configure:4438: $? = 0
configure:4438: result: yes
configure:4438: checking for unistd.h
configure:4438: gcc -c -g -O2  conftest.c >&5
configure:4438: $? = 0
configure:4438: result: yes
configure:4466: checking for stdarg.h
configure:4466: gcc -c -g -O2  conftest.c >&5
configure:4466: $? = 0
configure:4466: result: yes
configure:4466: checking for stdio.h
configure:4466: result: yes
configure:4466: checking for stdlib.h
configure:4466: result: yes
configure:4466: checking for ctype.h
configure:4466: gcc -c -g -O2  conftest.c >&5
configure:4466: $? = 0
configure:4466: result: yes
configure:4480: checking for sys/select.h
configure:4480: gcc -c -g -O2  conftest.c >&5
configure:4480: $? = 0
configure:4480: result: yes
configure:4486: checking for signal.h
configure:4486: gcc -c -g -O2  conftest.c >&5
configure:4486: $? = 0
configure:4486: result: yes
configure:4492: checking for unistd.h
configure:4492: result: yes
configure:4498: checking for time.h
configure:4498: gcc -c -g -O2  conftest.c >&5
configure:4498: $? = 0
configure:4498: result: yes
configure:4504: checking for sys/wait.h
configure:4504: gcc -c -g -O2  conftest.c >&5
configure:4504: $? = 0
configure:4504: result: yes
configure:4510: checking for sys/time.h
configure:4510: gcc -c -g -O2  conftest.c >&5
configure:4510: $? = 0
configure:4510: result: yes
configure:4518: checking for langinfo.h
configure:4518: gcc -c -g -O2  conftest.c >&5
configure:4518: $? = 0
configure:4518: result: yes
configure:4524: checking for iconv.h
configure:4524: gcc -c -g -O2  conftest.c >&5
configure:4524: $? = 0
configure:4524: result: yes
configure:4532: checking for locale.h
configure:4532: gcc -c -g -O2  conftest.c >&5
configure:4532: $? = 0
configure:4532: result: yes
configure:4538: checking for libintl.h
configure:4538: gcc -c -g -O2  conftest.c >&5
conftest.c:64:10: fatal error: libintl.h: No such file or directory
   64 | #include <libintl.h>
      |          ^~~~~~~~~~~
compilation terminated.
configure:4538: $? = 1
configure: failed program was:
| /* confdefs.h */
| #define PACKAGE_NAME "jwm"
| #define PACKAGE_TARNAME "jwm"
| #define PACKAGE_VERSION "2.4.0"
| #define PACKAGE_STRING "jwm 2.4.0"
| #define PACKAGE_BUGREPORT "joewing@joewing.net"
| #define PACKAGE_URL ""
| #define _XOPEN_SOURCE 600L
| #define _XOPEN_SOURCE_EXTENDED 1
| #define __EXTENSIONS__ 1
| #define USE_XUTF8 1
| #define HAVE_STDIO_H 1
| #define HAVE_STDLIB_H 1
| #define HAVE_STRING_H 1
| #define HAVE_INTTYPES_H 1
| #define HAVE_STDINT_H 1
| #define HAVE_STRINGS_H 1
| #define HAVE_SYS_STAT_H 1
| #define HAVE_SYS_TYPES_H 1
| #define HAVE_UNISTD_H 1
| #define STDC_HEADERS 1
| #define HAVE_STDARG_H 1
| #define HAVE_STDIO_H 1
| #define HAVE_STDLIB_H 1
| #define HAVE_CTYPE_H 1
| #define HAVE_SYS_SELECT_H 1
| #define HAVE_SIGNAL_H 1
| #define HAVE_UNISTD_H 1
| #define HAVE_TIME_H 1
| #define HAVE_SYS_WAIT_H 1
| #define HAVE_SYS_TIME_H 1
| #define HAVE_LANGINFO_H 1
| #define HAVE_ICONV_H 1
| #define HAVE_LOCALE_H 1
| /* end confdefs.h.  */
| #include <stddef.h>
| #ifdef HAVE_STDIO_H
| # include <stdio.h>
| #endif
| #ifdef HAVE_STDLIB_H
| # include <stdlib.h>
| #endif
| #ifdef HAVE_STRING_H
| # include <string.h>
| #endif
| #ifdef HAVE_INTTYPES_H
| # include <inttypes.h>
| #endif
| #ifdef HAVE_STDINT_H
| # include <stdint.h>
| #endif
| #ifdef HAVE_STRINGS_H
| # include <strings.h>
| #endif
| #ifdef HAVE_SYS_TYPES_H
| # include <sys/types.h>
| #endif
| #ifdef HAVE_SYS_STAT_H
| # include <sys/stat.h>
| #endif
| #ifdef HAVE_UNISTD_H
| # include <unistd.h>
| #endif
| #include <libintl.h>
configure:4538: result: no
configure:4548: checking for X11/Xlib.h
configure:4548: gcc -c -g -O2  conftest.c >&5
configure:4548: $? = 0
configure:4548: result: yes
configure:4563: checking for X11/Xutil.h
configure:4563: gcc -c -g -O2  conftest.c >&5
configure:4563: $? = 0
configure:4563: result: yes
configure:4572: checking for X11/cursorfont.h
configure:4572: gcc -c -g -O2  conftest.c >&5
configure:4572: $? = 0
configure:4572: result: yes
configure:4581: checking for X11/Xproto.h
configure:4581: gcc -c -g -O2  conftest.c >&5
configure:4581: $? = 0
configure:4581: result: yes
configure:4590: checking for X11/Xatom.h
configure:4590: gcc -c -g -O2  conftest.c >&5
configure:4590: $? = 0
configure:4590: result: yes
configure:4599: checking for X11/keysym.h
configure:4599: gcc -c -g -O2  conftest.c >&5
configure:4599: $? = 0
configure:4599: result: yes
configure:4608: checking for X11/Xresource.h
configure:4608: gcc -c -g -O2  conftest.c >&5
configure:4608: $? = 0
configure:4608: result: yes
configure:4619: checking for unsetenv
configure:4619: gcc -o conftest -g -O2   -lX11 conftest.c  >&5
configure:4619: $? = 0
configure:4619: result: yes
configure:4625: checking for putenv
configure:4625: gcc -o conftest -g -O2   -lX11 conftest.c  >&5
configure:4625: $? = 0
configure:4625: result: yes
configure:4631: checking for setlocale
configure:4631: gcc -o conftest -g -O2   -lX11 conftest.c  >&5
configure:4631: $? = 0
configure:4631: result: yes
configure:4638: checking for size_t
configure:4638: gcc -c -g -O2  conftest.c >&5
configure:4638: $? = 0
configure:4638: gcc -c -g -O2  conftest.c >&5
conftest.c: In function 'main':
conftest.c:77:21: error: expected expression before ')' token
   77 | if (sizeof ((size_t)))
      |                     ^
configure:4638: $? = 1
configure: failed program was:
| /* confdefs.h */
| #define PACKAGE_NAME "jwm"
| #define PACKAGE_TARNAME "jwm"
| #define PACKAGE_VERSION "2.4.0"
| #define PACKAGE_STRING "jwm 2.4.0"
| #define PACKAGE_BUGREPORT "joewing@joewing.net"
| #define PACKAGE_URL ""
| #define _XOPEN_SOURCE 600L
| #define _XOPEN_SOURCE_EXTENDED 1
| #define __EXTENSIONS__ 1
| #define USE_XUTF8 1
| #define HAVE_STDIO_H 1
| #define HAVE_STDLIB_H 1
| #define HAVE_STRING_H 1
| #define HAVE_INTTYPES_H 1
| #define HAVE_STDINT_H 1
| #define HAVE_STRINGS_H 1
| #define HAVE_SYS_STAT_H 1
| #define HAVE_SYS_TYPES_H 1
| #define HAVE_UNISTD_H 1
| #define STDC_HEADERS 1
| #define HAVE_STDARG_H 1
| #define HAVE_STDIO_H 1
| #define HAVE_STDLIB_H 1
| #define HAVE_CTYPE_H 1
| #define HAVE_SYS_SELECT_H 1
| #define HAVE_SIGNAL_H 1
| #define HAVE_UNISTD_H 1
| #define HAVE_TIME_H 1
| #define HAVE_SYS_WAIT_H 1
| #define HAVE_SYS_TIME_H 1
| #define HAVE_LANGINFO_H 1
| #define HAVE_ICONV_H 1
| #define HAVE_LOCALE_H 1
| #define HAVE_X11_XLIB_H 1
| #define HAVE_X11_XUTIL_H 1
| #define HAVE_X11_CURSORFONT_H 1
| #define HAVE_X11_XPROTO_H 1
| #define HAVE_X11_XATOM_H 1
| #define HAVE_X11_KEYSYM_H 1
| #define HAVE_X11_XRESOURCE_H 1
| #define HAVE_UNSETENV 1
| #define HAVE_PUTENV 1
| #define HAVE_SETLOCALE 1
| /* end confdefs.h.  */
| #include <stddef.h>
| #ifdef HAVE_STDIO_H
| # include <stdio.h>
| #endif
| #ifdef HAVE_STDLIB_H
| # include <stdlib.h>
| #endif
| #ifdef HAVE_STRING_H
| # include <string.h>
| #endif
| #ifdef HAVE_INTTYPES_H
| # include <inttypes.h>
| #endif
| #ifdef HAVE_STDINT_H
| # include <stdint.h>
| #endif
| #ifdef HAVE_STRINGS_H
| # include <strings.h>
| #endif
| #ifdef HAVE_SYS_TYPES_H
| # include <sys/types.h>
| #endif
| #ifdef HAVE_SYS_STAT_H
| # include <sys/stat.h>
| #endif
| #ifdef HAVE_UNISTD_H
| # include <unistd.h>
| #endif
| int
| main (void)
| {
| if (sizeof ((size_t)))
| 	    return 0;
|   ;
|   return 0;
| }
configure:4638: result: yes
configure:4651: checking for working alloca.h
configure:4669: gcc -o conftest -g -O2   -lX11 conftest.c  >&5
configure:4669: $? = 0
configure:4680: result: yes
configure:4688: checking for alloca
configure:4733: result: yes
configure:4863: checking for pkg-config
configure:4886: found /usr/bin/pkg-config
configure:4899: result: /usr/bin/pkg-config
configure:4924: checking if pkg-config knows about libpng
configure:4931: result: yes
configure:4940: checking if pkg-config knows about libjpeg
configure:4947: result: yes
configure:4956: checking if pkg-config knows about cairo
configure:4963: result: no
configure:4972: checking if pkg-config knows about librsvg-2.0
configure:4979: result: no
configure:4988: checking if pkg-config knows about freetype2
configure:4995: result: yes
configure:5004: checking if pkg-config knows about xft
configure:5011: result: yes
configure:5020: checking if pkg-config knows about xrender
configure:5027: result: yes
configure:5036: checking if pkg-config knows about fribidi
configure:5043: result: no
configure:5477: checking for XftFontOpenName in -lXft
configure:5506: gcc -o conftest -g -O2 -I/usr/include/libpng16   -lX11 -lpng16 conftest.c -lXft  -lXft -lfreetype   >&5
configure:5506: $? = 0
configure:5518: result: yes
configure:5537: checking for ft2build.h
configure:5537: gcc -c -g -O2 -I/usr/include/libpng16 -I/usr/include/freetype2 -I/usr/include/libpng16 -I/usr/include/freetype2 -I/usr/include/libpng16  conftest.c >&5
configure:5537: $? = 0
configure:5537: result: yes
configure:5568: checking for X11/extensions/Xrender.h
configure:5568: gcc -c -g -O2 -I/usr/include/libpng16 -I/usr/include/freetype2 -I/usr/include/libpng16 -I/usr/include/freetype2 -I/usr/include/libpng16  conftest.c >&5
configure:5568: $? = 0
configure:5568: result: yes
configure:5589: checking for XRenderComposite in -lXrender
configure:5618: gcc -o conftest -g -O2 -I/usr/include/libpng16 -I/usr/include/freetype2 -I/usr/include/libpng16 -I/usr/include/freetype2 -I/usr/include/libpng16   -lX11 -lpng16 -lXft -lfreetype conftest.c -lXrender  -lXrender -lX11   >&5
configure:5618: $? = 0
configure:5630: result: yes
configure:5755: checking for X11/xpm.h
configure:5755: gcc -c -g -O2 -I/usr/include/libpng16 -I/usr/include/freetype2 -I/usr/include/libpng16 -I/usr/include/freetype2 -I/usr/include/libpng16   conftest.c >&5
configure:5755: $? = 0
configure:5755: result: yes
configure:5774: checking for gcc options needed to detect all undeclared functions
configure:5796: gcc -c -g -O2 -I/usr/include/libpng16 -I/usr/include/freetype2 -I/usr/include/libpng16 -I/usr/include/freetype2 -I/usr/include/libpng16    conftest.c >&5
conftest.c: In function 'main':
conftest.c:58:8: error: 'strchr' undeclared (first use in this function)
   58 | (void) strchr;
      |        ^~~~~~
conftest.c:1:1: note: 'strchr' is defined in header '<string.h>'; this is probably fixable by adding '#include <string.h>'
    1 | /* confdefs.h */
conftest.c:58:8: note: each undeclared identifier is reported only once for each function it appears in
   58 | (void) strchr;
      |        ^~~~~~
configure:5796: $? = 1
configure: failed program was:
| /* confdefs.h */
| #define PACKAGE_NAME "jwm"
| #define PACKAGE_TARNAME "jwm"
| #define PACKAGE_VERSION "2.4.0"
| #define PACKAGE_STRING "jwm 2.4.0"
| #define PACKAGE_BUGREPORT "joewing@joewing.net"
| #define PACKAGE_URL ""
| #define _XOPEN_SOURCE 600L
| #define _XOPEN_SOURCE_EXTENDED 1
| #define __EXTENSIONS__ 1
| #define USE_XUTF8 1
| #define HAVE_STDIO_H 1
| #define HAVE_STDLIB_H 1
| #define HAVE_STRING_H 1
| #define HAVE_INTTYPES_H 1
| #define HAVE_STDINT_H 1
| #define HAVE_STRINGS_H 1
| #define HAVE_SYS_STAT_H 1
| #define HAVE_SYS_TYPES_H 1
| #define HAVE_UNISTD_H 1
| #define STDC_HEADERS 1
| #define HAVE_STDARG_H 1
| #define HAVE_STDIO_H 1
| #define HAVE_STDLIB_H 1
| #define HAVE_CTYPE_H 1
| #define HAVE_SYS_SELECT_H 1
| #define HAVE_SIGNAL_H 1
| #define HAVE_UNISTD_H 1
| #define HAVE_TIME_H 1
| #define HAVE_SYS_WAIT_H 1
| #define HAVE_SYS_TIME_H 1
| #define HAVE_LANGINFO_H 1
| #define HAVE_ICONV_H 1
| #define HAVE_LOCALE_H 1
| #define HAVE_X11_XLIB_H 1
| #define HAVE_X11_XUTIL_H 1
| #define HAVE_X11_CURSORFONT_H 1
| #define HAVE_X11_XPROTO_H 1
| #define HAVE_X11_XATOM_H 1
| #define HAVE_X11_KEYSYM_H 1
| #define HAVE_X11_XRESOURCE_H 1
| #define HAVE_UNSETENV 1
| #define HAVE_PUTENV 1
| #define HAVE_SETLOCALE 1
| #define HAVE_ALLOCA_H 1
| #define HAVE_ALLOCA 1
| #define USE_ICONS 1
| #define USE_PNG 1
| #define USE_XFT 1
| #define HAVE_X11_EXTENSIONS_XRENDER_H 1
| #define USE_XRENDER 1
| #define HAVE_X11_XPM_H 1
| /* end confdefs.h.  */
| 
| int
| main (void)
| {
| (void) strchr;
|   ;
|   return 0;
| }
configure:5823: gcc -c -g -O2 -I/usr/include/libpng16 -I/usr/include/freetype2 -I/usr/include/libpng16 -I/usr/include/freetype2 -I/usr/include/libpng16    conftest.c >&5
configure:5823: $? = 0
configure:5843: result: none needed
configure:5857: checking whether XpmAllocColor is declared
configure:5857: gcc -c -g -O2 -I/usr/include/libpng16 -I/usr/include/freetype2 -I/usr/include/libpng16 -I/usr/include/freetype2 -I/usr/include/libpng16    conftest.c >&5
configure:5857: $? = 0
configure:5857: result: yes
configure:5872: checking for XpmReadFileToImage in -lXpm
configure:5901: gcc -o conftest -g -O2 -I/usr/include/libpng16 -I/usr/include/freetype2 -I/usr/include/libpng16 -I/usr/include/freetype2 -I/usr/include/libpng16    -lX11 -lpng16 -lXft -lfreetype -lXrender -lX11 conftest.c -lXpm   >&5
configure:5901: $? = 0
configure:5913: result: yes
configure:5941: checking for XReadBitmapFileData in -lX11
configure:5970: gcc -o conftest -g -O2 -I/usr/include/libpng16 -I/usr/include/freetype2 -I/usr/include/libpng16 -I/usr/include/freetype2 -I/usr/include/libpng16    -lX11 -lpng16 -lXft -lfreetype -lXrender -lX11 -lXpm conftest.c -lX11   >&5
configure:5970: $? = 0
configure:5982: result: yes
configure:6088: checking for XmuDrawRoundedRectangle in -lXmu
configure:6117: gcc -o conftest -g -O2 -I/usr/include/libpng16 -I/usr/include/freetype2 -I/usr/include/libpng16 -I/usr/include/freetype2 -I/usr/include/libpng16    -lX11 -lpng16 -lXft -lfreetype -lXrender -lX11 -lXpm conftest.c -lXmu   >&5
/usr/lib/gcc/x86_64-alpine-linux-musl/14.2.0/../../../../x86_64-alpine-linux-musl/bin/ld: cannot find -lXmu: No such file or directory
collect2: error: ld returned 1 exit status
configure:6117: $? = 1
configure: failed program was:
| /* confdefs.h */
| #define PACKAGE_NAME "jwm"
| #define PACKAGE_TARNAME "jwm"
| #define PACKAGE_VERSION "2.4.0"
| #define PACKAGE_STRING "jwm 2.4.0"
| #define PACKAGE_BUGREPORT "joewing@joewing.net"
| #define PACKAGE_URL ""
| #define _XOPEN_SOURCE 600L
| #define _XOPEN_SOURCE_EXTENDED 1
| #define __EXTENSIONS__ 1
| #define USE_XUTF8 1
| #define HAVE_STDIO_H 1
| #define HAVE_STDLIB_H 1
| #define HAVE_STRING_H 1
| #define HAVE_INTTYPES_H 1
| #define HAVE_STDINT_H 1
| #define HAVE_STRINGS_H 1
| #define HAVE_SYS_STAT_H 1
| #define HAVE_SYS_TYPES_H 1
| #define HAVE_UNISTD_H 1
| #define STDC_HEADERS 1
| #define HAVE_STDARG_H 1
| #define HAVE_STDIO_H 1
| #define HAVE_STDLIB_H 1
| #define HAVE_CTYPE_H 1
| #define HAVE_SYS_SELECT_H 1
| #define HAVE_SIGNAL_H 1
| #define HAVE_UNISTD_H 1
| #define HAVE_TIME_H 1
| #define HAVE_SYS_WAIT_H 1
| #define HAVE_SYS_TIME_H 1
| #define HAVE_LANGINFO_H 1
| #define HAVE_ICONV_H 1
| #define HAVE_LOCALE_H 1
| #define HAVE_X11_XLIB_H 1
| #define HAVE_X11_XUTIL_H 1
| #define HAVE_X11_CURSORFONT_H 1
| #define HAVE_X11_XPROTO_H 1
| #define HAVE_X11_XATOM_H 1
| #define HAVE_X11_KEYSYM_H 1
| #define HAVE_X11_XRESOURCE_H 1
| #define HAVE_UNSETENV 1
| #define HAVE_PUTENV 1
| #define HAVE_SETLOCALE 1
| #define HAVE_ALLOCA_H 1
| #define HAVE_ALLOCA 1
| #define USE_ICONS 1
| #define USE_PNG 1
| #define USE_XFT 1
| #define HAVE_X11_EXTENSIONS_XRENDER_H 1
| #define USE_XRENDER 1
| #define HAVE_X11_XPM_H 1
| #define USE_XPM 1
| #define USE_XBM 1
| /* end confdefs.h.  */
| 
| /* Override any GCC internal prototype to avoid an error.
|    Use char because int might match the return type of a GCC
|    builtin and then its argument prototype would still apply.
|    The 'extern "C"' is for builds by C++ compilers;
|    although this is not generally supported in C code supporting it here
|    has little cost and some practical benefit (sr 110532).  */
| #ifdef __cplusplus
| extern "C"
| #endif
| char XmuDrawRoundedRectangle (void);
| int
| main (void)
| {
| return XmuDrawRoundedRectangle ();
|   ;
|   return 0;
| }
configure:6129: result: no
configure:6140: WARNING: unable to use Xmu
configure:6225: checking build system type
configure:6241: result: x86_64-pc-linux-musl
configure:6261: checking host system type
configure:6276: result: x86_64-pc-linux-musl
configure:6340: checking for ld used by gcc
configure:6470: result: /usr/x86_64-alpine-linux-musl/bin/ld
configure:6477: checking if the linker (/usr/x86_64-alpine-linux-musl/bin/ld) is GNU ld
configure:6494: result: yes
configure:6503: checking for shared library run path origin
configure:6518: result: done
configure:6541: checking 32-bit host C ABI
configure:6594: gcc -c -g -O2 -I/usr/include/libpng16 -I/usr/include/freetype2 -I/usr/include/libpng16 -I/usr/include/freetype2 -I/usr/include/libpng16   conftest.c >&5
configure:6594: $? = 0
configure:6608: result: no
configure:6613: checking for egrep -e
configure:6743: result: /bin/grep -E
configure:6751: checking for ELF binary format
configure:6777: result: yes
configure:6829: checking for the common suffixes of directories in the library search path
configure:6906: result: lib,lib,lib
configure:7438: checking for iconv
configure:7463: gcc -o conftest -g -O2 -I/usr/include/libpng16 -I/usr/include/freetype2 -I/usr/include/libpng16 -I/usr/include/freetype2 -I/usr/include/libpng16    -lX11 -lpng16 -lXft -lfreetype -lXrender -lX11 -lXpm conftest.c  >&5
configure:7463: $? = 0
configure:7500: result: yes
configure:7503: checking for working iconv
configure:7647: gcc -o conftest -g -O2 -I/usr/include/libpng16 -I/usr/include/freetype2 -I/usr/include/libpng16 -I/usr/include/freetype2 -I/usr/include/libpng16    -lX11 -lpng16 -lXft -lfreetype -lXrender -lX11 -lXpm conftest.c  >&5
configure:7647: $? = 0
configure:7647: ./conftest
configure:7647: $? = 0
configure:7662: result: yes
configure:7690: checking whether iconv is compatible with its POSIX signature
configure:7715: gcc -c -g -O2 -I/usr/include/libpng16 -I/usr/include/freetype2 -I/usr/include/libpng16 -I/usr/include/freetype2 -I/usr/include/libpng16   conftest.c >&5
configure:7715: $? = 0
configure:7726: result: yes
configure:7755: checking whether make sets $(MAKE)
configure:7779: result: yes
configure:7788: checking for a sed that does not truncate output
configure:7860: result: /bin/sed
configure:7866: checking whether NLS is requested
configure:7877: result: no
configure:7917: checking for msgfmt
configure:7954: result: no
configure:7960: checking for gmsgfmt
configure:7997: result: :
configure:8042: checking for xgettext
configure:8079: result: no
configure:8121: checking for msgmerge
configure:8157: result: no
configure:8211: checking for CFPreferencesCopyAppValue
configure:8230: gcc -o conftest -g -O2 -I/usr/include/libpng16 -I/usr/include/freetype2 -I/usr/include/libpng16 -I/usr/include/freetype2 -I/usr/include/libpng16    -lX11 -lpng16 -lXft -lfreetype -lXrender -lX11 -lXpm conftest.c  -Wl,-framework -Wl,CoreFoundation >&5
conftest.c:58:10: fatal error: CoreFoundation/CFPreferences.h: No such file or directory
   58 | #include <CoreFoundation/CFPreferences.h>
      |          ^~~~~~~~~~~~~~~~~~~~~~~~~~~~~~~~
compilation terminated.
configure:8230: $? = 1
configure: failed program was:
| /* confdefs.h */
| #define PACKAGE_NAME "jwm"
| #define PACKAGE_TARNAME "jwm"
| #define PACKAGE_VERSION "2.4.0"
| #define PACKAGE_STRING "jwm 2.4.0"
| #define PACKAGE_BUGREPORT "joewing@joewing.net"
| #define PACKAGE_URL ""
| #define _XOPEN_SOURCE 600L
| #define _XOPEN_SOURCE_EXTENDED 1
| #define __EXTENSIONS__ 1
| #define USE_XUTF8 1
| #define HAVE_STDIO_H 1
| #define HAVE_STDLIB_H 1
| #define HAVE_STRING_H 1
| #define HAVE_INTTYPES_H 1
| #define HAVE_STDINT_H 1
| #define HAVE_STRINGS_H 1
| #define HAVE_SYS_STAT_H 1
| #define HAVE_SYS_TYPES_H 1
| #define HAVE_UNISTD_H 1
| #define STDC_HEADERS 1
| #define HAVE_STDARG_H 1
| #define HAVE_STDIO_H 1
| #define HAVE_STDLIB_H 1
| #define HAVE_CTYPE_H 1
| #define HAVE_SYS_SELECT_H 1
| #define HAVE_SIGNAL_H 1
| #define HAVE_UNISTD_H 1
| #define HAVE_TIME_H 1
| #define HAVE_SYS_WAIT_H 1
| #define HAVE_SYS_TIME_H 1
| #define HAVE_LANGINFO_H 1
| #define HAVE_ICONV_H 1
| #define HAVE_LOCALE_H 1
| #define HAVE_X11_XLIB_H 1
| #define HAVE_X11_XUTIL_H 1
| #define HAVE_X11_CURSORFONT_H 1
| #define HAVE_X11_XPROTO_H 1
| #define HAVE_X11_XATOM_H 1
| #define HAVE_X11_KEYSYM_H 1
| #define HAVE_X11_XRESOURCE_H 1
| #define HAVE_UNSETENV 1
| #define HAVE_PUTENV 1
| #define HAVE_SETLOCALE 1
| #define HAVE_ALLOCA_H 1
| #define HAVE_ALLOCA 1
| #define USE_ICONS 1
| #define USE_PNG 1
| #define USE_XFT 1
| #define HAVE_X11_EXTENSIONS_XRENDER_H 1
| #define USE_XRENDER 1
| #define HAVE_X11_XPM_H 1
| #define USE_XPM 1
| #define USE_XBM 1
| #define HAVE_ICONV 1
| #define ICONV_CONST 
| /* end confdefs.h.  */
| #include <CoreFoundation/CFPreferences.h>
| int
| main (void)
| {
| CFPreferencesCopyAppValue(NULL, NULL)
|   ;
|   return 0;
| }
configure:8242: result: no
configure:8249: checking for CFLocaleCopyPreferredLanguages
configure:8268: gcc -o conftest -g -O2 -I/usr/include/libpng16 -I/usr/include/freetype2 -I/usr/include/libpng16 -I/usr/include/freetype2 -I/usr/include/libpng16    -lX11 -lpng16 -lXft -lfreetype -lXrender -lX11 -lXpm conftest.c  -Wl,-framework -Wl,CoreFoundation >&5
conftest.c:58:10: fatal error: CoreFoundation/CFLocale.h: No such file or directory
   58 | #include <CoreFoundation/CFLocale.h>
      |          ^~~~~~~~~~~~~~~~~~~~~~~~~~~
compilation terminated.
configure:8268: $? = 1
configure: failed program was:
| /* confdefs.h */
| #define PACKAGE_NAME "jwm"
| #define PACKAGE_TARNAME "jwm"
| #define PACKAGE_VERSION "2.4.0"
| #define PACKAGE_STRING "jwm 2.4.0"
| #define PACKAGE_BUGREPORT "joewing@joewing.net"
| #define PACKAGE_URL ""
| #define _XOPEN_SOURCE 600L
| #define _XOPEN_SOURCE_EXTENDED 1
| #define __EXTENSIONS__ 1
| #define USE_XUTF8 1
| #define HAVE_STDIO_H 1
| #define HAVE_STDLIB_H 1
| #define HAVE_STRING_H 1
| #define HAVE_INTTYPES_H 1
| #define HAVE_STDINT_H 1
| #define HAVE_STRINGS_H 1
| #define HAVE_SYS_STAT_H 1
| #define HAVE_SYS_TYPES_H 1
| #define HAVE_UNISTD_H 1
| #define STDC_HEADERS 1
| #define HAVE_STDARG_H 1
| #define HAVE_STDIO_H 1
| #define HAVE_STDLIB_H 1
| #define HAVE_CTYPE_H 1
| #define HAVE_SYS_SELECT_H 1
| #define HAVE_SIGNAL_H 1
| #define HAVE_UNISTD_H 1
| #define HAVE_TIME_H 1
| #define HAVE_SYS_WAIT_H 1
| #define HAVE_SYS_TIME_H 1
| #define HAVE_LANGINFO_H 1
| #define HAVE_ICONV_H 1
| #define HAVE_LOCALE_H 1
| #define HAVE_X11_XLIB_H 1
| #define HAVE_X11_XUTIL_H 1
| #define HAVE_X11_CURSORFONT_H 1
| #define HAVE_X11_XPROTO_H 1
| #define HAVE_X11_XATOM_H 1
| #define HAVE_X11_KEYSYM_H 1
| #define HAVE_X11_XRESOURCE_H 1
| #define HAVE_UNSETENV 1
| #define HAVE_PUTENV 1
| #define HAVE_SETLOCALE 1
| #define HAVE_ALLOCA_H 1
| #define HAVE_ALLOCA 1
| #define USE_ICONS 1
| #define USE_PNG 1
| #define USE_XFT 1
| #define HAVE_X11_EXTENSIONS_XRENDER_H 1
| #define USE_XRENDER 1
| #define HAVE_X11_XPM_H 1
| #define USE_XPM 1
| #define USE_XBM 1
| #define HAVE_ICONV 1
| #define ICONV_CONST 
| /* end confdefs.h.  */
| #include <CoreFoundation/CFLocale.h>
| int
| main (void)
| {
| CFLocaleCopyPreferredLanguages();
|   ;
|   return 0;
| }
configure:8280: result: no
configure:9283: checking whether to use NLS
configure:9285: result: no
configure:9594: creating ./config.status

## ---------------------- ##
## Running config.status. ##
## ---------------------- ##

This file was extended by jwm config.status 2.4.0, which was
generated by GNU Autoconf 2.72.  Invocation command line was

  CONFIG_FILES    = 
  CONFIG_HEADERS  = 
  CONFIG_LINKS    = 
  CONFIG_COMMANDS = 
  $ ./config.status 

on localhost

config.status:899: creating po/Makefile.in
config.status:899: creating Makefile
config.status:899: creating src/Makefile
config.status:899: creating contrib/Makefile
config.status:899: creating jwm.1
config.status:899: creating config.h
config.status:1094: executing po-directories commands

## ---------------- ##
## Cache variables. ##
## ---------------- ##

ac_cv_build='x86_64-pc-linux-musl'
ac_cv_c_compiler_gnu='yes'
ac_cv_c_undeclared_builtin_options='none needed'
ac_cv_env_CC_set=''
ac_cv_env_CC_value=''
ac_cv_env_CFLAGS_set=''
ac_cv_env_CFLAGS_value=''
ac_cv_env_CPPFLAGS_set=''
ac_cv_env_CPPFLAGS_value=''
ac_cv_env_CPP_set=''
ac_cv_env_CPP_value=''
ac_cv_env_LDFLAGS_set=''
ac_cv_env_LDFLAGS_value=''
ac_cv_env_LIBS_set=''
ac_cv_env_LIBS_value=''
ac_cv_env_XMKMF_set=''
ac_cv_env_XMKMF_value=''
ac_cv_env_build_alias_set=''
ac_cv_env_build_alias_value=''
ac_cv_env_host_alias_set=''
ac_cv_env_host_alias_value=''
ac_cv_env_target_alias_set=''
ac_cv_env_target_alias_value=''
ac_cv_func_alloca_works='yes'
ac_cv_func_putenv='yes'
ac_cv_func_setlocale='yes'
ac_cv_func_unsetenv='yes'
ac_cv_have_decl_XpmAllocColor='yes'
ac_cv_have_x='have_x=yes	ac_x_includes='"''"'	ac_x_libraries='"''"
ac_cv_header_X11_Xatom_h='yes'
ac_cv_header_X11_Xlib_h='yes'
ac_cv_header_X11_Xproto_h='yes'
ac_cv_header_X11_Xresource_h='yes'
ac_cv_header_X11_Xutil_h='yes'
ac_cv_header_X11_cursorfont_h='yes'
ac_cv_header_X11_extensions_Xrender_h='yes'
ac_cv_header_X11_keysym_h='yes'
ac_cv_header_X11_xpm_h='yes'
ac_cv_header_ctype_h='yes'
ac_cv_header_ft2build_h='yes'
ac_cv_header_iconv_h='yes'
ac_cv_header_inttypes_h='yes'
ac_cv_header_langinfo_h='yes'
ac_cv_header_libintl_h='no'
ac_cv_header_locale_h='yes'
ac_cv_header_signal_h='yes'
ac_cv_header_stdarg_h='yes'
ac_cv_header_stdint_h='yes'
ac_cv_header_stdio_h='yes'
ac_cv_header_stdlib_h='yes'
ac_cv_header_string_h='yes'
ac_cv_header_strings_h='yes'
ac_cv_header_sys_select_h='yes'
ac_cv_header_sys_stat_h='yes'
ac_cv_header_sys_time_h='yes'
ac_cv_header_sys_types_h='yes'
ac_cv_header_sys_wait_h='yes'
ac_cv_header_time_h='yes'
ac_cv_header_unistd_h='yes'
ac_cv_host='x86_64-pc-linux-musl'
ac_cv_lib_X11_XOpenDisplay='yes'
ac_cv_lib_X11_XReadBitmapFileData='yes'
ac_cv_lib_X11_Xutf8TextPropertyToTextList='yes'
ac_cv_lib_Xft_XftFontOpenName='yes'
ac_cv_lib_Xmu_XmuDrawRoundedRectangle='no'
ac_cv_lib_Xpm_XpmReadFileToImage='yes'
ac_cv_lib_Xrender_XRenderComposite='yes'
ac_cv_objext='o'
ac_cv_path_EGREP_TRADITIONAL='/bin/grep -E'
ac_cv_path_GMSGFMT=':'
ac_cv_path_MSGFMT=':'
ac_cv_path_MSGMERGE=':'
ac_cv_path_SED='/bin/sed'
ac_cv_path_XGETTEXT=':'
ac_cv_path_ac_pt_PKGCONFIG='/usr/bin/pkg-config'
ac_cv_path_install='/usr/bin/install -c'
ac_cv_path_mkdir='/bin/mkdir'
ac_cv_prog_CPP='gcc -E'
ac_cv_prog_ac_ct_CC='gcc'
ac_cv_prog_cc_c11=''
ac_cv_prog_cc_g='yes'
ac_cv_prog_cc_stdc=''
ac_cv_prog_make_make_set='yes'
ac_cv_type_size_t='yes'
ac_cv_working_alloca_h='yes'
acl_cv_hardcode_direct='no'
acl_cv_hardcode_libdir_flag_spec='${wl}-rpath ${wl}$libdir'
acl_cv_hardcode_libdir_separator=''
acl_cv_hardcode_minus_L='no'
acl_cv_libdirstems='lib,lib,lib'
acl_cv_libext='a'
acl_cv_libname_spec='lib$name'
acl_cv_library_names_spec='$libname$shrext'
acl_cv_path_LD='/usr/x86_64-alpine-linux-musl/bin/ld'
acl_cv_prog_gnu_ld='yes'
acl_cv_rpath='done'
acl_cv_shlibext='so'
acl_cv_wl='-Wl,'
am_cv_func_iconv='yes'
am_cv_func_iconv_summary='yes, in libc'
am_cv_func_iconv_works='yes'
am_cv_lib_iconv='no'
gl_cv_elf='yes'
gl_cv_host_cpu_c_abi_32bit='no'
gl_cv_iconv_nonconst='yes'
gt_cv_func_CFLocaleCopyPreferredLanguages='no'
gt_cv_func_CFPreferencesCopyAppValue='no'

## ----------------- ##
## Output variables. ##
## ----------------- ##

ALLOCA=''
BINDIR='/usr/local/bin'
CC='gcc'
CFLAGS='-g -O2 -I/usr/include/libpng16 -I/usr/include/freetype2 -I/usr/include/libpng16 -I/usr/include/freetype2 -I/usr/include/libpng16  -DLOCALEDIR=\"/usr/local/share/locale\"'
CPP='gcc -E'
CPPFLAGS=''
DATADIR='/usr/local/share'
DATE='2024-11-07'
DEFS='-DHAVE_CONFIG_H'
ECHO_C=''
ECHO_N='-n'
ECHO_T=''
EXEEXT=''
GETTEXT_MACRO_VERSION='0.20'
GMSGFMT=':'
GMSGFMT_015=':'
INSTALL_DATA='${INSTALL} -m 644'
INSTALL_PROGRAM='${INSTALL}'
INSTALL_SCRIPT='${INSTALL}'
INSTVERSION='240'
INTLLIBS=''
INTL_MACOSX_LIBS=''
LDFLAGS=' -lX11 -lpng16 -lXft -lfreetype -lXrender -lX11 -lXpm  '
LIBICONV=''
LIBINTL=''
LIBOBJS=''
LIBS=''
LTLIBICONV=''
LTLIBINTL=''
LTLIBOBJS=''
MANDIR='/usr/local/share/man'
MKDIR_P='/bin/mkdir -p'
MSGFMT=':'
MSGMERGE=':'
MSGMERGE_FOR_MSGFMT_OPTION='--no-location --quiet'
OBJEXT='o'
PACKAGE='jwm'
PACKAGE_BUGREPORT='joewing@joewing.net'
PACKAGE_NAME='jwm'
PACKAGE_STRING='jwm 2.4.0'
PACKAGE_TARNAME='jwm'
PACKAGE_URL=''
PACKAGE_VERSION='2.4.0'
PATH_SEPARATOR=':'
PKGCONFIG='/usr/bin/pkg-config'
POSUB=''
SED='/bin/sed'
SET_MAKE=''
SHELL='/bin/sh'
SYSCONF='/usr/local/etc'
USE_NLS='no'
VERSION='2.4.0'
XGETTEXT=':'
XGETTEXT_015=':'
XGETTEXT_EXTRA_OPTIONS=''
XMKMF=''
ac_ct_CC='gcc'
bindir='${exec_prefix}/bin'
build='x86_64-pc-linux-musl'
build_alias=''
build_cpu='x86_64'
build_os='linux-musl'
build_vendor='pc'
datadir='${datarootdir}'
datarootdir='${prefix}/share'
docdir='${datarootdir}/doc/${PACKAGE_TARNAME}'
dvidir='${docdir}'
exec_prefix='/usr/local'
host='x86_64-pc-linux-musl'
host_alias=''
host_cpu='x86_64'
host_os='linux-musl'
host_vendor='pc'
htmldir='${docdir}'
includedir='${prefix}/include'
infodir='${datarootdir}/info'
libdir='${exec_prefix}/lib'
libexecdir='${exec_prefix}/libexec'
localedir='/usr/local/share/locale'
localedir_c='"/usr/local/share/locale"'
localedir_c_make='\"$(localedir)\"'
localstatedir='${prefix}/var'
mandir='${datarootdir}/man'
oldincludedir='/usr/include'
pdfdir='${docdir}'
prefix='/usr/local'
program_transform_name='s,x,x,'
psdir='${docdir}'
runstatedir='${localstatedir}/run'
sbindir='${exec_prefix}/sbin'
sharedstatedir='${prefix}/com'
sysconfdir='${prefix}/etc'
target_alias=''

## ----------- ##
## confdefs.h. ##
## ----------- ##

/* confdefs.h */
#define PACKAGE_NAME "jwm"
#define PACKAGE_TARNAME "jwm"
#define PACKAGE_VERSION "2.4.0"
#define PACKAGE_STRING "jwm 2.4.0"
#define PACKAGE_BUGREPORT "joewing@joewing.net"
#define PACKAGE_URL ""
#define _XOPEN_SOURCE 600L
#define _XOPEN_SOURCE_EXTENDED 1
#define __EXTENSIONS__ 1
#define USE_XUTF8 1
#define HAVE_STDIO_H 1
#define HAVE_STDLIB_H 1
#define HAVE_STRING_H 1
#define HAVE_INTTYPES_H 1
#define HAVE_STDINT_H 1
#define HAVE_STRINGS_H 1
#define HAVE_SYS_STAT_H 1
#define HAVE_SYS_TYPES_H 1
#define HAVE_UNISTD_H 1
#define STDC_HEADERS 1
#define HAVE_STDARG_H 1
#define HAVE_STDIO_H 1
#define HAVE_STDLIB_H 1
#define HAVE_CTYPE_H 1
#define HAVE_SYS_SELECT_H 1
#define HAVE_SIGNAL_H 1
#define HAVE_UNISTD_H 1
#define HAVE_TIME_H 1
#define HAVE_SYS_WAIT_H 1
#define HAVE_SYS_TIME_H 1
#define HAVE_LANGINFO_H 1
#define HAVE_ICONV_H 1
#define HAVE_LOCALE_H 1
#define HAVE_X11_XLIB_H 1
#define HAVE_X11_XUTIL_H 1
#define HAVE_X11_CURSORFONT_H 1
#define HAVE_X11_XPROTO_H 1
#define HAVE_X11_XATOM_H 1
#define HAVE_X11_KEYSYM_H 1
#define HAVE_X11_XRESOURCE_H 1
#define HAVE_UNSETENV 1
#define HAVE_PUTENV 1
#define HAVE_SETLOCALE 1
#define HAVE_ALLOCA_H 1
#define HAVE_ALLOCA 1
#define USE_ICONS 1
#define USE_PNG 1
#define USE_XFT 1
#define HAVE_X11_EXTENSIONS_XRENDER_H 1
#define USE_XRENDER 1
#define HAVE_X11_XPM_H 1
#define USE_XPM 1
#define USE_XBM 1
#define HAVE_ICONV 1
#define ICONV_CONST 
#define SYSTEM_CONFIG "/usr/local/etc/system.jwmrc"

configure: exit 0
